  szablon.cpp
D:\Projects\Crowd-Pressure-3D\Silnik3D\szablon.cpp(229,5): warning C4996: 'strcpy': This function or variable may be unsafe. Consider using strcpy_s instead. To disable deprecation, use _CRT_SECURE_NO_WARNINGS. See online help for details.
D:\Projects\Crowd-Pressure-3D\Silnik3D\szablon.cpp(241,4): warning C4996: 'strcpy': This function or variable may be unsafe. Consider using strcpy_s instead. To disable deprecation, use _CRT_SECURE_NO_WARNINGS. See online help for details.
D:\Projects\Crowd-Pressure-3D\Silnik3D\szablon.cpp(242,4): warning C4996: 'strcat': This function or variable may be unsafe. Consider using strcat_s instead. To disable deprecation, use _CRT_SECURE_NO_WARNINGS. See online help for details.
D:\Projects\Crowd-Pressure-3D\Silnik3D\szablon.cpp(275,2): warning C4996: 'strcat': This function or variable may be unsafe. Consider using strcat_s instead. To disable deprecation, use _CRT_SECURE_NO_WARNINGS. See online help for details.
D:\Projects\Crowd-Pressure-3D\Silnik3D\szablon.cpp(286,4): warning C4996: 'strcpy': This function or variable may be unsafe. Consider using strcpy_s instead. To disable deprecation, use _CRT_SECURE_NO_WARNINGS. See online help for details.
D:\Projects\Crowd-Pressure-3D\Silnik3D\szablon.cpp(287,4): warning C4996: 'strcat': This function or variable may be unsafe. Consider using strcat_s instead. To disable deprecation, use _CRT_SECURE_NO_WARNINGS. See online help for details.
  definicje.cpp
  interakcja.cpp
  konfiguracja.cpp
  model3DS.cpp
  rysowanie.cpp
  szablon.cpp
D:\Projects\Crowd-Pressure-3D\Silnik3D\szablon.cpp(229,5): warning C4996: 'strcpy': This function or variable may be unsafe. Consider using strcpy_s instead. To disable deprecation, use _CRT_SECURE_NO_WARNINGS. See online help for details.
D:\Projects\Crowd-Pressure-3D\Silnik3D\szablon.cpp(241,4): warning C4996: 'strcpy': This function or variable may be unsafe. Consider using strcpy_s instead. To disable deprecation, use _CRT_SECURE_NO_WARNINGS. See online help for details.
D:\Projects\Crowd-Pressure-3D\Silnik3D\szablon.cpp(242,4): warning C4996: 'strcat': This function or variable may be unsafe. Consider using strcat_s instead. To disable deprecation, use _CRT_SECURE_NO_WARNINGS. See online help for details.
D:\Projects\Crowd-Pressure-3D\Silnik3D\szablon.cpp(275,2): warning C4996: 'strcat': This function or variable may be unsafe. Consider using strcat_s instead. To disable deprecation, use _CRT_SECURE_NO_WARNINGS. See online help for details.
D:\Projects\Crowd-Pressure-3D\Silnik3D\szablon.cpp(286,4): warning C4996: 'strcpy': This function or variable may be unsafe. Consider using strcpy_s instead. To disable deprecation, use _CRT_SECURE_NO_WARNINGS. See online help for details.
D:\Projects\Crowd-Pressure-3D\Silnik3D\szablon.cpp(287,4): warning C4996: 'strcat': This function or variable may be unsafe. Consider using strcat_s instead. To disable deprecation, use _CRT_SECURE_NO_WARNINGS. See online help for details.
  textureBMP.cpp
  textureTGA.cpp
  Generowanie kodu...
  szablon.vcxproj -> D:\Projects\Crowd-Pressure-3D\Silnik3D\Release\szablon.exe
